[04-Feb-2025 18:31:08 UTC] Automatic updates starting...
[04-Feb-2025 18:31:08 UTC] Automatic updates complete.
[04-Feb-2025 19:16:07 UTC] PHP Warning:  Undefined variable $secondslideimage in /Applications/MAMP/htdocs/ImpactAtlas/wp-content/themes/impactatlas/template-parts/home-page/hero.php on line 24
[04-Feb-2025 19:16:07 UTC] PHP Warning:  Trying to access array offset on value of type null in /Applications/MAMP/htdocs/ImpactAtlas/wp-content/themes/impactatlas/template-parts/home-page/hero.php on line 24
[04-Feb-2025 19:16:45 UTC] PHP Warning:  Undefined variable $secondslideimage in /Applications/MAMP/htdocs/ImpactAtlas/wp-content/themes/impactatlas/template-parts/home-page/hero.php on line 24
[04-Feb-2025 19:16:45 UTC] PHP Warning:  Trying to access array offset on value of type null in /Applications/MAMP/htdocs/ImpactAtlas/wp-content/themes/impactatlas/template-parts/home-page/hero.php on line 24
[04-Feb-2025 19:26:37 UTC] PHP Warning:  Trying to access array offset on value of type bool in /Applications/MAMP/htdocs/ImpactAtlas/wp-content/themes/impactatlas/template-parts/home-page/hero.php on line 36
[04-Feb-2025 19:26:45 UTC] PHP Warning:  Trying to access array offset on value of type bool in /Applications/MAMP/htdocs/ImpactAtlas/wp-content/themes/impactatlas/template-parts/home-page/hero.php on line 36
[04-Feb-2025 19:27:05 UTC] PHP Warning:  Trying to access array offset on value of type bool in /Applications/MAMP/htdocs/ImpactAtlas/wp-content/themes/impactatlas/template-parts/home-page/hero.php on line 36
[04-Feb-2025 19:28:25 UTC] PHP Warning:  Trying to access array offset on value of type bool in /Applications/MAMP/htdocs/ImpactAtlas/wp-content/themes/impactatlas/template-parts/home-page/hero.php on line 36
[04-Feb-2025 19:30:08 UTC] PHP Warning:  Trying to access array offset on value of type bool in /Applications/MAMP/htdocs/ImpactAtlas/wp-content/themes/impactatlas/template-parts/home-page/hero.php on line 36
[04-Feb-2025 19:31:53 UTC] PHP Warning:  Trying to access array offset on value of type bool in /Applications/MAMP/htdocs/ImpactAtlas/wp-content/themes/impactatlas/template-parts/home-page/hero.php on line 43
[04-Feb-2025 19:32:11 UTC] PHP Warning:  Trying to access array offset on value of type bool in /Applications/MAMP/htdocs/ImpactAtlas/wp-content/themes/impactatlas/template-parts/home-page/hero.php on line 43
[04-Feb-2025 19:35:41 UTC] PHP Warning:  Trying to access array offset on value of type bool in /Applications/MAMP/htdocs/ImpactAtlas/wp-content/themes/impactatlas/template-parts/home-page/hero.php on line 43
[04-Feb-2025 19:36:44 UTC] PHP Warning:  Trying to access array offset on value of type bool in /Applications/MAMP/htdocs/ImpactAtlas/wp-content/themes/impactatlas/template-parts/home-page/hero.php on line 43
[04-Feb-2025 20:09:12 UTC] PHP Warning:  Trying to access array offset on value of type bool in /Applications/MAMP/htdocs/ImpactAtlas/wp-content/themes/impactatlas/template-parts/home-page/hero.php on line 28
[04-Feb-2025 20:10:10 UTC] PHP Warning:  Trying to access array offset on value of type bool in /Applications/MAMP/htdocs/ImpactAtlas/wp-content/themes/impactatlas/template-parts/home-page/hero.php on line 28
[04-Feb-2025 20:10:10 UTC] PHP Warning:  Trying to access array offset on value of type bool in /Applications/MAMP/htdocs/ImpactAtlas/wp-content/themes/impactatlas/template-parts/home-page/hero.php on line 28
[04-Feb-2025 20:11:09 UTC] PHP Warning:  Trying to access array offset on value of type bool in /Applications/MAMP/htdocs/ImpactAtlas/wp-content/themes/impactatlas/template-parts/home-page/hero.php on line 28
[04-Feb-2025 20:13:10 UTC] PHP Warning:  Trying to access array offset on value of type bool in /Applications/MAMP/htdocs/ImpactAtlas/wp-content/themes/impactatlas/template-parts/home-page/hero.php on line 28
[04-Feb-2025 20:13:40 UTC] PHP Warning:  Trying to access array offset on value of type bool in /Applications/MAMP/htdocs/ImpactAtlas/wp-content/themes/impactatlas/template-parts/home-page/hero.php on line 28
[04-Feb-2025 20:13:56 UTC] PHP Warning:  Trying to access array offset on value of type bool in /Applications/MAMP/htdocs/ImpactAtlas/wp-content/themes/impactatlas/template-parts/home-page/hero.php on line 28
[04-Feb-2025 20:14:40 UTC] PHP Warning:  Trying to access array offset on value of type bool in /Applications/MAMP/htdocs/ImpactAtlas/wp-content/themes/impactatlas/template-parts/home-page/hero.php on line 28
[04-Feb-2025 20:27:32 UTC] PHP Warning:  Trying to access array offset on value of type bool in /Applications/MAMP/htdocs/ImpactAtlas/wp-content/themes/impactatlas/template-parts/home-page/hero.php on line 28
[04-Feb-2025 20:27:36 UTC] PHP Warning:  Trying to access array offset on value of type bool in /Applications/MAMP/htdocs/ImpactAtlas/wp-content/themes/impactatlas/template-parts/home-page/hero.php on line 28
[04-Feb-2025 20:27:39 UTC] PHP Warning:  Trying to access array offset on value of type bool in /Applications/MAMP/htdocs/ImpactAtlas/wp-content/themes/impactatlas/template-parts/home-page/hero.php on line 28
[04-Feb-2025 20:27:41 UTC] PHP Warning:  Trying to access array offset on value of type bool in /Applications/MAMP/htdocs/ImpactAtlas/wp-content/themes/impactatlas/template-parts/home-page/hero.php on line 28
[04-Feb-2025 20:28:29 UTC] PHP Warning:  Trying to access array offset on value of type bool in /Applications/MAMP/htdocs/ImpactAtlas/wp-content/themes/impactatlas/template-parts/home-page/hero.php on line 28
[04-Feb-2025 20:30:31 UTC] PHP Warning:  Trying to access array offset on value of type bool in /Applications/MAMP/htdocs/ImpactAtlas/wp-content/themes/impactatlas/template-parts/home-page/hero.php on line 28
[04-Feb-2025 20:35:51 UTC] PHP Warning:  Trying to access array offset on value of type bool in /Applications/MAMP/htdocs/ImpactAtlas/wp-content/themes/impactatlas/template-parts/home-page/hero.php on line 28
[04-Feb-2025 20:38:16 UTC] PHP Warning:  Trying to access array offset on value of type bool in /Applications/MAMP/htdocs/ImpactAtlas/wp-content/themes/impactatlas/template-parts/home-page/hero.php on line 28
[04-Feb-2025 20:38:43 UTC] PHP Warning:  Trying to access array offset on value of type bool in /Applications/MAMP/htdocs/ImpactAtlas/wp-content/themes/impactatlas/template-parts/home-page/hero.php on line 28
[04-Feb-2025 20:39:49 UTC] PHP Warning:  Trying to access array offset on value of type bool in /Applications/MAMP/htdocs/ImpactAtlas/wp-content/themes/impactatlas/template-parts/home-page/hero.php on line 28
[04-Feb-2025 20:39:54 UTC] PHP Warning:  Trying to access array offset on value of type bool in /Applications/MAMP/htdocs/ImpactAtlas/wp-content/themes/impactatlas/template-parts/home-page/hero.php on line 28
[04-Feb-2025 20:42:48 UTC] PHP Warning:  Trying to access array offset on value of type bool in /Applications/MAMP/htdocs/ImpactAtlas/wp-content/themes/impactatlas/template-parts/home-page/hero.php on line 34
[04-Feb-2025 20:42:55 UTC] PHP Warning:  Trying to access array offset on value of type bool in /Applications/MAMP/htdocs/ImpactAtlas/wp-content/themes/impactatlas/template-parts/home-page/hero.php on line 34
[04-Feb-2025 20:43:08 UTC] PHP Warning:  Trying to access array offset on value of type bool in /Applications/MAMP/htdocs/ImpactAtlas/wp-content/themes/impactatlas/template-parts/home-page/hero.php on line 35
[04-Feb-2025 20:45:18 UTC] PHP Warning:  Trying to access array offset on value of type bool in /Applications/MAMP/htdocs/ImpactAtlas/wp-content/themes/impactatlas/template-parts/home-page/hero.php on line 38
[04-Feb-2025 20:47:13 UTC] PHP Warning:  Trying to access array offset on value of type bool in /Applications/MAMP/htdocs/ImpactAtlas/wp-content/themes/impactatlas/template-parts/home-page/hero.php on line 40
[04-Feb-2025 20:48:23 UTC] PHP Warning:  Trying to access array offset on value of type bool in /Applications/MAMP/htdocs/ImpactAtlas/wp-content/themes/impactatlas/template-parts/home-page/hero.php on line 40
[04-Feb-2025 20:48:25 UTC] PHP Warning:  Trying to access array offset on value of type bool in /Applications/MAMP/htdocs/ImpactAtlas/wp-content/themes/impactatlas/template-parts/home-page/hero.php on line 40
[04-Feb-2025 20:48:47 UTC] PHP Warning:  Trying to access array offset on value of type bool in /Applications/MAMP/htdocs/ImpactAtlas/wp-content/themes/impactatlas/template-parts/home-page/hero.php on line 40
[04-Feb-2025 20:49:15 UTC] PHP Warning:  Trying to access array offset on value of type bool in /Applications/MAMP/htdocs/ImpactAtlas/wp-content/themes/impactatlas/template-parts/home-page/hero.php on line 40
[04-Feb-2025 20:49:17 UTC] PHP Warning:  Trying to access array offset on value of type bool in /Applications/MAMP/htdocs/ImpactAtlas/wp-content/themes/impactatlas/template-parts/home-page/hero.php on line 40
[04-Feb-2025 20:49:18 UTC] PHP Warning:  Trying to access array offset on value of type bool in /Applications/MAMP/htdocs/ImpactAtlas/wp-content/themes/impactatlas/template-parts/home-page/hero.php on line 40
[04-Feb-2025 20:49:18 UTC] PHP Warning:  Trying to access array offset on value of type bool in /Applications/MAMP/htdocs/ImpactAtlas/wp-content/themes/impactatlas/template-parts/home-page/hero.php on line 40
[04-Feb-2025 20:49:18 UTC] PHP Warning:  Trying to access array offset on value of type bool in /Applications/MAMP/htdocs/ImpactAtlas/wp-content/themes/impactatlas/template-parts/home-page/hero.php on line 40
[04-Feb-2025 20:49:18 UTC] PHP Warning:  Trying to access array offset on value of type bool in /Applications/MAMP/htdocs/ImpactAtlas/wp-content/themes/impactatlas/template-parts/home-page/hero.php on line 40
[04-Feb-2025 20:49:22 UTC] PHP Warning:  Trying to access array offset on value of type bool in /Applications/MAMP/htdocs/ImpactAtlas/wp-content/themes/impactatlas/template-parts/home-page/hero.php on line 40
[04-Feb-2025 20:49:22 UTC] PHP Warning:  Trying to access array offset on value of type bool in /Applications/MAMP/htdocs/ImpactAtlas/wp-content/themes/impactatlas/template-parts/home-page/hero.php on line 40
[04-Feb-2025 20:49:27 UTC] PHP Warning:  Trying to access array offset on value of type bool in /Applications/MAMP/htdocs/ImpactAtlas/wp-content/themes/impactatlas/template-parts/home-page/hero.php on line 40
[04-Feb-2025 20:49:44 UTC] PHP Warning:  Trying to access array offset on value of type bool in /Applications/MAMP/htdocs/ImpactAtlas/wp-content/themes/impactatlas/template-parts/home-page/hero.php on line 40
[04-Feb-2025 20:49:57 UTC] PHP Warning:  Trying to access array offset on value of type bool in /Applications/MAMP/htdocs/ImpactAtlas/wp-content/themes/impactatlas/template-parts/home-page/hero.php on line 40
[04-Feb-2025 20:50:25 UTC] PHP Warning:  Trying to access array offset on value of type bool in /Applications/MAMP/htdocs/ImpactAtlas/wp-content/themes/impactatlas/template-parts/home-page/hero.php on line 40
[04-Feb-2025 20:53:57 UTC] PHP Warning:  Trying to access array offset on value of type bool in /Applications/MAMP/htdocs/ImpactAtlas/wp-content/themes/impactatlas/template-parts/home-page/hero.php on line 40
[04-Feb-2025 20:55:58 UTC] PHP Warning:  Trying to access array offset on value of type bool in /Applications/MAMP/htdocs/ImpactAtlas/wp-content/themes/impactatlas/template-parts/home-page/hero.php on line 40
[04-Feb-2025 20:56:10 UTC] PHP Warning:  Trying to access array offset on value of type bool in /Applications/MAMP/htdocs/ImpactAtlas/wp-content/themes/impactatlas/template-parts/home-page/hero.php on line 40
[04-Feb-2025 20:56:19 UTC] PHP Warning:  Trying to access array offset on value of type bool in /Applications/MAMP/htdocs/ImpactAtlas/wp-content/themes/impactatlas/template-parts/home-page/hero.php on line 40
[04-Feb-2025 21:00:26 UTC] PHP Warning:  Trying to access array offset on value of type bool in /Applications/MAMP/htdocs/ImpactAtlas/wp-content/themes/impactatlas/template-parts/home-page/hero.php on line 40
[04-Feb-2025 21:00:45 UTC] PHP Warning:  Trying to access array offset on value of type bool in /Applications/MAMP/htdocs/ImpactAtlas/wp-content/themes/impactatlas/template-parts/home-page/hero.php on line 40
[04-Feb-2025 21:01:17 UTC] PHP Warning:  Trying to access array offset on value of type bool in /Applications/MAMP/htdocs/ImpactAtlas/wp-content/themes/impactatlas/template-parts/home-page/hero.php on line 40
[04-Feb-2025 21:01:31 UTC] PHP Warning:  Trying to access array offset on value of type bool in /Applications/MAMP/htdocs/ImpactAtlas/wp-content/themes/impactatlas/template-parts/home-page/hero.php on line 40
[04-Feb-2025 21:01:39 UTC] PHP Warning:  Trying to access array offset on value of type bool in /Applications/MAMP/htdocs/ImpactAtlas/wp-content/themes/impactatlas/template-parts/home-page/hero.php on line 40
[04-Feb-2025 21:01:39 UTC] PHP Warning:  Trying to access array offset on value of type bool in /Applications/MAMP/htdocs/ImpactAtlas/wp-content/themes/impactatlas/template-parts/home-page/hero.php on line 40
[04-Feb-2025 21:03:51 UTC] PHP Warning:  Trying to access array offset on value of type bool in /Applications/MAMP/htdocs/ImpactAtlas/wp-content/themes/impactatlas/template-parts/home-page/hero.php on line 40
[04-Feb-2025 21:03:52 UTC] PHP Warning:  Trying to access array offset on value of type bool in /Applications/MAMP/htdocs/ImpactAtlas/wp-content/themes/impactatlas/template-parts/home-page/hero.php on line 40
[04-Feb-2025 21:03:54 UTC] PHP Warning:  Trying to access array offset on value of type bool in /Applications/MAMP/htdocs/ImpactAtlas/wp-content/themes/impactatlas/template-parts/home-page/hero.php on line 40
[04-Feb-2025 21:04:42 UTC] PHP Warning:  Trying to access array offset on value of type bool in /Applications/MAMP/htdocs/ImpactAtlas/wp-content/themes/impactatlas/template-parts/home-page/hero.php on line 40
[04-Feb-2025 21:04:54 UTC] PHP Warning:  Trying to access array offset on value of type bool in /Applications/MAMP/htdocs/ImpactAtlas/wp-content/themes/impactatlas/template-parts/home-page/hero.php on line 40
[04-Feb-2025 21:05:00 UTC] PHP Warning:  Trying to access array offset on value of type bool in /Applications/MAMP/htdocs/ImpactAtlas/wp-content/themes/impactatlas/template-parts/home-page/hero.php on line 40
[04-Feb-2025 21:05:05 UTC] PHP Warning:  Trying to access array offset on value of type bool in /Applications/MAMP/htdocs/ImpactAtlas/wp-content/themes/impactatlas/template-parts/home-page/hero.php on line 40
[04-Feb-2025 21:05:41 UTC] PHP Warning:  Trying to access array offset on value of type bool in /Applications/MAMP/htdocs/ImpactAtlas/wp-content/themes/impactatlas/template-parts/home-page/hero.php on line 40
[04-Feb-2025 21:05:42 UTC] PHP Warning:  Trying to access array offset on value of type bool in /Applications/MAMP/htdocs/ImpactAtlas/wp-content/themes/impactatlas/template-parts/home-page/hero.php on line 40
[04-Feb-2025 21:05:44 UTC] PHP Warning:  Trying to access array offset on value of type bool in /Applications/MAMP/htdocs/ImpactAtlas/wp-content/themes/impactatlas/template-parts/home-page/hero.php on line 40
[04-Feb-2025 21:07:38 UTC] PHP Warning:  Trying to access array offset on value of type bool in /Applications/MAMP/htdocs/ImpactAtlas/wp-content/themes/impactatlas/template-parts/home-page/hero.php on line 40
[04-Feb-2025 21:07:52 UTC] PHP Warning:  Trying to access array offset on value of type bool in /Applications/MAMP/htdocs/ImpactAtlas/wp-content/themes/impactatlas/template-parts/home-page/hero.php on line 40
[04-Feb-2025 21:07:57 UTC] PHP Warning:  Trying to access array offset on value of type bool in /Applications/MAMP/htdocs/ImpactAtlas/wp-content/themes/impactatlas/template-parts/home-page/hero.php on line 40
[04-Feb-2025 21:08:04 UTC] PHP Warning:  Trying to access array offset on value of type bool in /Applications/MAMP/htdocs/ImpactAtlas/wp-content/themes/impactatlas/template-parts/home-page/hero.php on line 40
[04-Feb-2025 21:08:12 UTC] PHP Warning:  Trying to access array offset on value of type bool in /Applications/MAMP/htdocs/ImpactAtlas/wp-content/themes/impactatlas/template-parts/home-page/hero.php on line 40
[04-Feb-2025 21:08:30 UTC] PHP Warning:  Trying to access array offset on value of type bool in /Applications/MAMP/htdocs/ImpactAtlas/wp-content/themes/impactatlas/template-parts/home-page/hero.php on line 40
[04-Feb-2025 21:08:55 UTC] PHP Warning:  Trying to access array offset on value of type bool in /Applications/MAMP/htdocs/ImpactAtlas/wp-content/themes/impactatlas/template-parts/home-page/hero.php on line 40
[04-Feb-2025 21:09:22 UTC] PHP Warning:  Trying to access array offset on value of type bool in /Applications/MAMP/htdocs/ImpactAtlas/wp-content/themes/impactatlas/template-parts/home-page/hero.php on line 40
[04-Feb-2025 21:09:59 UTC] PHP Warning:  Trying to access array offset on value of type bool in /Applications/MAMP/htdocs/ImpactAtlas/wp-content/themes/impactatlas/template-parts/home-page/hero.php on line 40
[04-Feb-2025 21:10:01 UTC] PHP Warning:  Trying to access array offset on value of type bool in /Applications/MAMP/htdocs/ImpactAtlas/wp-content/themes/impactatlas/template-parts/home-page/hero.php on line 40
[04-Feb-2025 21:10:02 UTC] PHP Warning:  Trying to access array offset on value of type bool in /Applications/MAMP/htdocs/ImpactAtlas/wp-content/themes/impactatlas/template-parts/home-page/hero.php on line 40
[04-Feb-2025 21:10:11 UTC] PHP Warning:  Trying to access array offset on value of type bool in /Applications/MAMP/htdocs/ImpactAtlas/wp-content/themes/impactatlas/template-parts/home-page/hero.php on line 40
[04-Feb-2025 21:10:11 UTC] PHP Warning:  Trying to access array offset on value of type bool in /Applications/MAMP/htdocs/ImpactAtlas/wp-content/themes/impactatlas/template-parts/home-page/hero.php on line 40
[04-Feb-2025 21:10:20 UTC] PHP Warning:  Trying to access array offset on value of type bool in /Applications/MAMP/htdocs/ImpactAtlas/wp-content/themes/impactatlas/template-parts/home-page/hero.php on line 40
[04-Feb-2025 21:10:30 UTC] PHP Warning:  Trying to access array offset on value of type bool in /Applications/MAMP/htdocs/ImpactAtlas/wp-content/themes/impactatlas/template-parts/home-page/hero.php on line 40
[04-Feb-2025 21:11:25 UTC] PHP Warning:  Trying to access array offset on value of type bool in /Applications/MAMP/htdocs/ImpactAtlas/wp-content/themes/impactatlas/template-parts/home-page/hero.php on line 40
[04-Feb-2025 21:24:43 UTC] PHP Warning:  Trying to access array offset on value of type bool in /Applications/MAMP/htdocs/ImpactAtlas/wp-content/themes/impactatlas/template-parts/home-page/hero.php on line 46
[04-Feb-2025 21:25:19 UTC] PHP Warning:  Trying to access array offset on value of type bool in /Applications/MAMP/htdocs/ImpactAtlas/wp-content/themes/impactatlas/template-parts/home-page/hero.php on line 46
[04-Feb-2025 21:57:16 UTC] PHP Warning:  Undefined variable $join_button_ in /Applications/MAMP/htdocs/ImpactAtlas/wp-content/themes/impactatlas/template-parts/join.php on line 9
[04-Feb-2025 22:09:05 UTC] Automatic updates starting...
[04-Feb-2025 22:09:05 UTC] Automatic updates complete.
[04-Feb-2025 23:08:27 UTC] PHP Parse error:  syntax error, unexpected end of file in /Applications/MAMP/htdocs/ImpactAtlas/wp-content/themes/impactatlas/footer.php on line 76
[04-Feb-2025 23:09:29 UTC] PHP Parse error:  syntax error, unexpected end of file in /Applications/MAMP/htdocs/ImpactAtlas/wp-content/themes/impactatlas/footer.php on line 81
[06-Feb-2025 22:02:41 UTC] Automatic updates starting...
[06-Feb-2025 22:02:42 UTC] Automatic updates complete.
[06-Feb-2025 22:07:11 UTC] Automatic updates starting...
[06-Feb-2025 22:07:11 UTC] Automatic updates complete.
[07-Feb-2025 16:58:17 UTC] Automatic updates starting...
[07-Feb-2025 16:58:18 UTC] Automatic updates complete.
[07-Feb-2025 17:41:25 UTC] PHP Warning:  Attempt to read property "before" on array in /Applications/MAMP/htdocs/ImpactAtlas/wp-includes/class-walker-nav-menu.php on line 283
[07-Feb-2025 17:41:25 UTC] PHP Warning:  Attempt to read property "link_before" on array in /Applications/MAMP/htdocs/ImpactAtlas/wp-includes/class-walker-nav-menu.php on line 285
[07-Feb-2025 17:41:25 UTC] PHP Warning:  Attempt to read property "link_after" on array in /Applications/MAMP/htdocs/ImpactAtlas/wp-includes/class-walker-nav-menu.php on line 285
[07-Feb-2025 17:41:25 UTC] PHP Warning:  Attempt to read property "after" on array in /Applications/MAMP/htdocs/ImpactAtlas/wp-includes/class-walker-nav-menu.php on line 287
[07-Feb-2025 17:41:25 UTC] PHP Warning:  Attempt to read property "before" on array in /Applications/MAMP/htdocs/ImpactAtlas/wp-includes/class-walker-nav-menu.php on line 283
[07-Feb-2025 17:41:25 UTC] PHP Warning:  Attempt to read property "link_before" on array in /Applications/MAMP/htdocs/ImpactAtlas/wp-includes/class-walker-nav-menu.php on line 285
[07-Feb-2025 17:41:25 UTC] PHP Warning:  Attempt to read property "link_after" on array in /Applications/MAMP/htdocs/ImpactAtlas/wp-includes/class-walker-nav-menu.php on line 285
[07-Feb-2025 17:41:25 UTC] PHP Warning:  Attempt to read property "after" on array in /Applications/MAMP/htdocs/ImpactAtlas/wp-includes/class-walker-nav-menu.php on line 287
[07-Feb-2025 17:41:25 UTC] PHP Warning:  Attempt to read property "before" on array in /Applications/MAMP/htdocs/ImpactAtlas/wp-includes/class-walker-nav-menu.php on line 283
[07-Feb-2025 17:41:25 UTC] PHP Warning:  Attempt to read property "link_before" on array in /Applications/MAMP/htdocs/ImpactAtlas/wp-includes/class-walker-nav-menu.php on line 285
[07-Feb-2025 17:41:25 UTC] PHP Warning:  Attempt to read property "link_after" on array in /Applications/MAMP/htdocs/ImpactAtlas/wp-includes/class-walker-nav-menu.php on line 285
[07-Feb-2025 17:41:25 UTC] PHP Warning:  Attempt to read property "after" on array in /Applications/MAMP/htdocs/ImpactAtlas/wp-includes/class-walker-nav-menu.php on line 287
[07-Feb-2025 17:41:25 UTC] PHP Warning:  Attempt to read property "before" on array in /Applications/MAMP/htdocs/ImpactAtlas/wp-includes/class-walker-nav-menu.php on line 283
[07-Feb-2025 17:41:25 UTC] PHP Warning:  Attempt to read property "link_before" on array in /Applications/MAMP/htdocs/ImpactAtlas/wp-includes/class-walker-nav-menu.php on line 285
[07-Feb-2025 17:41:25 UTC] PHP Warning:  Attempt to read property "link_after" on array in /Applications/MAMP/htdocs/ImpactAtlas/wp-includes/class-walker-nav-menu.php on line 285
[07-Feb-2025 17:41:25 UTC] PHP Warning:  Attempt to read property "after" on array in /Applications/MAMP/htdocs/ImpactAtlas/wp-includes/class-walker-nav-menu.php on line 287
[07-Feb-2025 17:41:25 UTC] PHP Warning:  Attempt to read property "before" on array in /Applications/MAMP/htdocs/ImpactAtlas/wp-includes/class-walker-nav-menu.php on line 283
[07-Feb-2025 17:41:25 UTC] PHP Warning:  Attempt to read property "link_before" on array in /Applications/MAMP/htdocs/ImpactAtlas/wp-includes/class-walker-nav-menu.php on line 285
[07-Feb-2025 17:41:25 UTC] PHP Warning:  Attempt to read property "link_after" on array in /Applications/MAMP/htdocs/ImpactAtlas/wp-includes/class-walker-nav-menu.php on line 285
[07-Feb-2025 17:41:25 UTC] PHP Warning:  Attempt to read property "after" on array in /Applications/MAMP/htdocs/ImpactAtlas/wp-includes/class-walker-nav-menu.php on line 287
[07-Feb-2025 18:44:14 UTC] PHP Warning:  Undefined variable $joinmovementtitle in /Applications/MAMP/htdocs/ImpactAtlas/wp-content/themes/impactatlas/template-parts/get-involved/join-movement.php on line 9
[07-Feb-2025 19:21:52 UTC] PHP Warning:  Undefined variable $uptodatebutton in /Applications/MAMP/htdocs/ImpactAtlas/wp-content/themes/impactatlas/template-parts/join.php on line 28
[07-Feb-2025 19:21:52 UTC] PHP Warning:  Undefined variable $uptodatebutton in /Applications/MAMP/htdocs/ImpactAtlas/wp-content/themes/impactatlas/template-parts/join.php on line 28
